mode: atomic
github.com/jathurchan/raftlock/raft/file_storage.go:41.49,44.16 3 63
github.com/jathurchan/raftlock/raft/file_storage.go:44.16,46.3 1 0
github.com/jathurchan/raftlock/raft/file_storage.go:48.2,48.31 1 63
github.com/jathurchan/raftlock/raft/file_storage.go:48.31,49.64 1 1
github.com/jathurchan/raftlock/raft/file_storage.go:49.64,51.4 1 0
github.com/jathurchan/raftlock/raft/file_storage.go:54.2,54.12 1 63
github.com/jathurchan/raftlock/raft/file_storage.go:60.61,61.61 1 64
github.com/jathurchan/raftlock/raft/file_storage.go:61.61,63.3 1 1
github.com/jathurchan/raftlock/raft/file_storage.go:65.2,74.46 2 63
github.com/jathurchan/raftlock/raft/file_storage.go:74.46,76.3 1 0
github.com/jathurchan/raftlock/raft/file_storage.go:78.2,78.65 1 63
github.com/jathurchan/raftlock/raft/file_storage.go:78.65,80.3 1 1
github.com/jathurchan/raftlock/raft/file_storage.go:82.2,82.16 1 62
github.com/jathurchan/raftlock/raft/file_storage.go:87.43,89.2 1 18
github.com/jathurchan/raftlock/raft/file_storage.go:93.46,95.2 1 236
github.com/jathurchan/raftlock/raft/file_storage.go:99.41,101.2 1 348
github.com/jathurchan/raftlock/raft/file_storage.go:106.45,108.16 2 64
github.com/jathurchan/raftlock/raft/file_storage.go:108.16,109.25 1 58
github.com/jathurchan/raftlock/raft/file_storage.go:109.25,112.4 2 58
github.com/jathurchan/raftlock/raft/file_storage.go:113.3,113.13 1 0
github.com/jathurchan/raftlock/raft/file_storage.go:116.2,116.42 1 6
github.com/jathurchan/raftlock/raft/file_storage.go:122.78,123.34 1 5
github.com/jathurchan/raftlock/raft/file_storage.go:123.34,125.3 1 1
github.com/jathurchan/raftlock/raft/file_storage.go:126.2,129.16 4 4
github.com/jathurchan/raftlock/raft/file_storage.go:129.16,131.3 1 0
github.com/jathurchan/raftlock/raft/file_storage.go:132.2,133.63 2 4
github.com/jathurchan/raftlock/raft/file_storage.go:133.63,135.3 1 1
github.com/jathurchan/raftlock/raft/file_storage.go:136.2,136.43 1 3
github.com/jathurchan/raftlock/raft/file_storage.go:142.74,143.34 1 5
github.com/jathurchan/raftlock/raft/file_storage.go:143.34,145.3 1 1
github.com/jathurchan/raftlock/raft/file_storage.go:146.2,150.16 5 4
github.com/jathurchan/raftlock/raft/file_storage.go:150.16,151.25 1 1
github.com/jathurchan/raftlock/raft/file_storage.go:151.25,153.4 1 1
github.com/jathurchan/raftlock/raft/file_storage.go:154.3,154.20 1 0
github.com/jathurchan/raftlock/raft/file_storage.go:156.2,156.53 1 3
github.com/jathurchan/raftlock/raft/file_storage.go:156.53,158.3 1 2
github.com/jathurchan/raftlock/raft/file_storage.go:159.2,159.19 1 1
github.com/jathurchan/raftlock/raft/file_storage.go:165.45,167.16 2 85
github.com/jathurchan/raftlock/raft/file_storage.go:167.16,169.3 1 0
github.com/jathurchan/raftlock/raft/file_storage.go:171.2,172.63 2 85
github.com/jathurchan/raftlock/raft/file_storage.go:172.63,174.3 1 4
github.com/jathurchan/raftlock/raft/file_storage.go:176.2,176.46 1 81
github.com/jathurchan/raftlock/raft/file_storage.go:183.89,184.34 1 68
github.com/jathurchan/raftlock/raft/file_storage.go:184.34,186.3 1 2
github.com/jathurchan/raftlock/raft/file_storage.go:187.2,187.23 1 66
github.com/jathurchan/raftlock/raft/file_storage.go:187.23,189.3 1 2
github.com/jathurchan/raftlock/raft/file_storage.go:192.2,192.36 1 64
github.com/jathurchan/raftlock/raft/file_storage.go:192.36,194.35 2 142
github.com/jathurchan/raftlock/raft/file_storage.go:194.35,197.4 1 1
github.com/jathurchan/raftlock/raft/file_storage.go:200.2,203.24 3 63
github.com/jathurchan/raftlock/raft/file_storage.go:203.24,205.50 1 29
github.com/jathurchan/raftlock/raft/file_storage.go:205.50,208.4 1 4
github.com/jathurchan/raftlock/raft/file_storage.go:209.8,209.34 1 34
github.com/jathurchan/raftlock/raft/file_storage.go:209.34,211.3 1 2
github.com/jathurchan/raftlock/raft/file_storage.go:213.2,214.16 2 57
github.com/jathurchan/raftlock/raft/file_storage.go:214.16,216.3 1 2
github.com/jathurchan/raftlock/raft/file_storage.go:217.2,219.23 2 55
github.com/jathurchan/raftlock/raft/file_storage.go:219.23,221.3 1 30
github.com/jathurchan/raftlock/raft/file_storage.go:222.2,224.63 2 55
github.com/jathurchan/raftlock/raft/file_storage.go:224.63,226.3 1 0
github.com/jathurchan/raftlock/raft/file_storage.go:227.2,227.26 1 55
github.com/jathurchan/raftlock/raft/file_storage.go:232.63,234.16 2 63
github.com/jathurchan/raftlock/raft/file_storage.go:234.16,236.3 1 5
github.com/jathurchan/raftlock/raft/file_storage.go:238.2,239.16 2 58
github.com/jathurchan/raftlock/raft/file_storage.go:239.16,242.3 2 0
github.com/jathurchan/raftlock/raft/file_storage.go:244.2,244.26 1 58
github.com/jathurchan/raftlock/raft/file_storage.go:250.101,251.32 1 55
github.com/jathurchan/raftlock/raft/file_storage.go:251.32,253.17 2 196
github.com/jathurchan/raftlock/raft/file_storage.go:253.17,255.4 1 0
github.com/jathurchan/raftlock/raft/file_storage.go:256.3,256.47 1 196
github.com/jathurchan/raftlock/raft/file_storage.go:256.47,259.4 2 0
github.com/jathurchan/raftlock/raft/file_storage.go:261.2,261.12 1 55
github.com/jathurchan/raftlock/raft/file_storage.go:266.72,268.16 2 203
github.com/jathurchan/raftlock/raft/file_storage.go:268.16,270.3 1 0
github.com/jathurchan/raftlock/raft/file_storage.go:272.2,274.40 3 203
github.com/jathurchan/raftlock/raft/file_storage.go:279.44,281.2 1 118
github.com/jathurchan/raftlock/raft/file_storage.go:287.98,288.34 1 134
github.com/jathurchan/raftlock/raft/file_storage.go:288.34,290.3 1 2
github.com/jathurchan/raftlock/raft/file_storage.go:291.2,291.16 1 132
github.com/jathurchan/raftlock/raft/file_storage.go:291.16,293.3 1 3
github.com/jathurchan/raftlock/raft/file_storage.go:294.2,298.47 5 129
github.com/jathurchan/raftlock/raft/file_storage.go:298.47,300.3 1 6
github.com/jathurchan/raftlock/raft/file_storage.go:301.2,303.17 3 123
github.com/jathurchan/raftlock/raft/file_storage.go:303.17,305.3 1 2
github.com/jathurchan/raftlock/raft/file_storage.go:306.2,307.16 2 121
github.com/jathurchan/raftlock/raft/file_storage.go:307.16,308.25 1 2
github.com/jathurchan/raftlock/raft/file_storage.go:308.25,310.4 1 1
github.com/jathurchan/raftlock/raft/file_storage.go:311.3,311.18 1 1
github.com/jathurchan/raftlock/raft/file_storage.go:313.2,315.52 2 119
github.com/jathurchan/raftlock/raft/file_storage.go:321.121,325.6 3 123
github.com/jathurchan/raftlock/raft/file_storage.go:325.6,326.35 1 2012
github.com/jathurchan/raftlock/raft/file_storage.go:326.35,328.4 1 1
github.com/jathurchan/raftlock/raft/file_storage.go:330.3,330.54 1 2011
github.com/jathurchan/raftlock/raft/file_storage.go:330.54,331.30 1 109
github.com/jathurchan/raftlock/raft/file_storage.go:331.30,332.10 1 108
github.com/jathurchan/raftlock/raft/file_storage.go:334.4,334.19 1 1
github.com/jathurchan/raftlock/raft/file_storage.go:336.3,337.18 2 1902
github.com/jathurchan/raftlock/raft/file_storage.go:337.18,338.12 1 1
github.com/jathurchan/raftlock/raft/file_storage.go:340.3,341.52 2 1901
github.com/jathurchan/raftlock/raft/file_storage.go:341.52,343.4 1 3
github.com/jathurchan/raftlock/raft/file_storage.go:344.3,345.54 2 1898
github.com/jathurchan/raftlock/raft/file_storage.go:345.54,347.4 1 0
github.com/jathurchan/raftlock/raft/file_storage.go:349.3,349.26 1 1898
github.com/jathurchan/raftlock/raft/file_storage.go:349.26,350.9 1 10
github.com/jathurchan/raftlock/raft/file_storage.go:352.3,352.25 1 1888
github.com/jathurchan/raftlock/raft/file_storage.go:352.25,354.4 1 1884
github.com/jathurchan/raftlock/raft/file_storage.go:356.2,356.21 1 118
github.com/jathurchan/raftlock/raft/file_storage.go:363.90,368.35 5 109
github.com/jathurchan/raftlock/raft/file_storage.go:368.35,370.3 1 2
github.com/jathurchan/raftlock/raft/file_storage.go:371.2,372.16 2 107
github.com/jathurchan/raftlock/raft/file_storage.go:372.16,373.25 1 1
github.com/jathurchan/raftlock/raft/file_storage.go:373.25,375.4 1 1
github.com/jathurchan/raftlock/raft/file_storage.go:376.3,376.18 1 0
github.com/jathurchan/raftlock/raft/file_storage.go:378.2,379.45 2 106
github.com/jathurchan/raftlock/raft/file_storage.go:386.112,388.6 2 106
github.com/jathurchan/raftlock/raft/file_storage.go:388.6,389.35 1 950
github.com/jathurchan/raftlock/raft/file_storage.go:389.35,391.4 1 1
github.com/jathurchan/raftlock/raft/file_storage.go:393.3,393.54 1 949
github.com/jathurchan/raftlock/raft/file_storage.go:393.54,394.30 1 0
github.com/jathurchan/raftlock/raft/file_storage.go:394.30,395.10 1 0
github.com/jathurchan/raftlock/raft/file_storage.go:397.4,397.19 1 0
github.com/jathurchan/raftlock/raft/file_storage.go:399.3,400.18 2 949
github.com/jathurchan/raftlock/raft/file_storage.go:400.18,401.12 1 0
github.com/jathurchan/raftlock/raft/file_storage.go:403.3,404.52 2 949
github.com/jathurchan/raftlock/raft/file_storage.go:404.52,406.4 1 2
github.com/jathurchan/raftlock/raft/file_storage.go:407.3,408.54 2 947
github.com/jathurchan/raftlock/raft/file_storage.go:408.54,410.4 1 0
github.com/jathurchan/raftlock/raft/file_storage.go:411.3,411.27 1 947
github.com/jathurchan/raftlock/raft/file_storage.go:411.27,413.4 1 103
github.com/jathurchan/raftlock/raft/file_storage.go:414.3,414.26 1 844
github.com/jathurchan/raftlock/raft/file_storage.go:414.26,415.9 1 0
github.com/jathurchan/raftlock/raft/file_storage.go:418.2,418.25 1 0
github.com/jathurchan/raftlock/raft/file_storage.go:423.43,427.2 3 210
github.com/jathurchan/raftlock/raft/file_storage.go:431.44,435.2 3 205
github.com/jathurchan/raftlock/raft/file_storage.go:441.80,442.34 1 9
github.com/jathurchan/raftlock/raft/file_storage.go:442.34,444.3 1 1
github.com/jathurchan/raftlock/raft/file_storage.go:445.2,447.35 3 8
github.com/jathurchan/raftlock/raft/file_storage.go:447.35,449.3 1 1
github.com/jathurchan/raftlock/raft/file_storage.go:450.2,450.37 1 7
github.com/jathurchan/raftlock/raft/file_storage.go:450.37,452.3 1 3
github.com/jathurchan/raftlock/raft/file_storage.go:453.2,454.16 2 4
github.com/jathurchan/raftlock/raft/file_storage.go:454.16,456.3 1 0
github.com/jathurchan/raftlock/raft/file_storage.go:457.2,457.51 1 4
github.com/jathurchan/raftlock/raft/file_storage.go:457.51,459.3 1 0
github.com/jathurchan/raftlock/raft/file_storage.go:460.2,461.26 2 4
github.com/jathurchan/raftlock/raft/file_storage.go:467.51,468.53 1 3
github.com/jathurchan/raftlock/raft/file_storage.go:468.53,470.3 1 1
github.com/jathurchan/raftlock/raft/file_storage.go:472.2,474.26 3 2
github.com/jathurchan/raftlock/raft/file_storage.go:480.74,482.16 2 9
github.com/jathurchan/raftlock/raft/file_storage.go:482.16,484.3 1 0
github.com/jathurchan/raftlock/raft/file_storage.go:485.2,495.6 6 9
github.com/jathurchan/raftlock/raft/file_storage.go:495.6,500.17 3 23
github.com/jathurchan/raftlock/raft/file_storage.go:500.17,501.30 1 1
github.com/jathurchan/raftlock/raft/file_storage.go:501.30,502.10 1 1
github.com/jathurchan/raftlock/raft/file_storage.go:504.4,504.65 1 0
github.com/jathurchan/raftlock/raft/file_storage.go:506.3,506.12 1 22
github.com/jathurchan/raftlock/raft/file_storage.go:506.12,508.4 1 0
github.com/jathurchan/raftlock/raft/file_storage.go:511.3,515.52 4 22
github.com/jathurchan/raftlock/raft/file_storage.go:515.52,517.4 1 1
github.com/jathurchan/raftlock/raft/file_storage.go:520.3,523.54 3 21
github.com/jathurchan/raftlock/raft/file_storage.go:523.54,525.4 1 0
github.com/jathurchan/raftlock/raft/file_storage.go:528.3,533.27 3 21
github.com/jathurchan/raftlock/raft/file_storage.go:533.27,537.4 1 7
github.com/jathurchan/raftlock/raft/file_storage.go:542.2,542.50 1 1
github.com/jathurchan/raftlock/raft/file_storage.go:542.50,544.3 1 1
github.com/jathurchan/raftlock/raft/file_storage.go:547.2,547.22 1 0
github.com/jathurchan/raftlock/raft/file_storage.go:552.60,553.58 1 4
github.com/jathurchan/raftlock/raft/file_storage.go:553.58,555.3 1 0
github.com/jathurchan/raftlock/raft/file_storage.go:556.2,556.12 1 4
github.com/jathurchan/raftlock/raft/file_storage.go:563.80,564.34 1 8
github.com/jathurchan/raftlock/raft/file_storage.go:564.34,566.3 1 1
github.com/jathurchan/raftlock/raft/file_storage.go:567.2,569.37 3 7
github.com/jathurchan/raftlock/raft/file_storage.go:569.37,571.3 1 1
github.com/jathurchan/raftlock/raft/file_storage.go:572.2,572.57 1 6
github.com/jathurchan/raftlock/raft/file_storage.go:572.57,574.3 1 1
github.com/jathurchan/raftlock/raft/file_storage.go:575.2,576.16 2 5
github.com/jathurchan/raftlock/raft/file_storage.go:576.16,578.3 1 0
github.com/jathurchan/raftlock/raft/file_storage.go:579.2,579.23 1 5
github.com/jathurchan/raftlock/raft/file_storage.go:579.23,581.3 1 0
github.com/jathurchan/raftlock/raft/file_storage.go:583.2,583.58 1 5
github.com/jathurchan/raftlock/raft/file_storage.go:583.58,585.3 1 1
github.com/jathurchan/raftlock/raft/file_storage.go:587.2,588.26 2 4
github.com/jathurchan/raftlock/raft/file_storage.go:594.93,596.16 2 5
github.com/jathurchan/raftlock/raft/file_storage.go:596.16,598.3 1 0
github.com/jathurchan/raftlock/raft/file_storage.go:599.2,603.6 5 5
github.com/jathurchan/raftlock/raft/file_storage.go:603.6,605.17 2 26
github.com/jathurchan/raftlock/raft/file_storage.go:605.17,606.30 1 5
github.com/jathurchan/raftlock/raft/file_storage.go:606.30,607.10 1 5
github.com/jathurchan/raftlock/raft/file_storage.go:609.4,609.67 1 0
github.com/jathurchan/raftlock/raft/file_storage.go:611.3,611.12 1 21
github.com/jathurchan/raftlock/raft/file_storage.go:611.12,613.4 1 0
github.com/jathurchan/raftlock/raft/file_storage.go:614.3,616.52 3 21
github.com/jathurchan/raftlock/raft/file_storage.go:616.52,618.4 1 0
github.com/jathurchan/raftlock/raft/file_storage.go:619.3,620.54 2 21
github.com/jathurchan/raftlock/raft/file_storage.go:620.54,622.4 1 0
github.com/jathurchan/raftlock/raft/file_storage.go:624.3,625.27 2 21
github.com/jathurchan/raftlock/raft/file_storage.go:625.27,627.4 1 8
github.com/jathurchan/raftlock/raft/file_storage.go:631.2,631.43 1 5
github.com/jathurchan/raftlock/raft/file_storage.go:631.43,633.3 1 1
github.com/jathurchan/raftlock/raft/file_storage.go:634.2,634.21 1 5
github.com/jathurchan/raftlock/raft/file_storage.go:640.76,643.16 3 5
github.com/jathurchan/raftlock/raft/file_storage.go:643.16,645.3 1 1
github.com/jathurchan/raftlock/raft/file_storage.go:646.2,647.32 2 4
github.com/jathurchan/raftlock/raft/file_storage.go:647.32,649.17 2 7
github.com/jathurchan/raftlock/raft/file_storage.go:649.17,651.4 1 0
github.com/jathurchan/raftlock/raft/file_storage.go:653.3,653.46 1 7
github.com/jathurchan/raftlock/raft/file_storage.go:653.46,655.4 1 0
github.com/jathurchan/raftlock/raft/file_storage.go:657.2,657.35 1 4
github.com/jathurchan/raftlock/raft/file_storage.go:657.35,659.3 1 0
github.com/jathurchan/raftlock/raft/file_storage.go:660.2,660.36 1 4
github.com/jathurchan/raftlock/raft/file_storage.go:660.36,662.3 1 0
github.com/jathurchan/raftlock/raft/file_storage.go:663.2,663.57 1 4
github.com/jathurchan/raftlock/raft/file_storage.go:663.57,665.3 1 0
github.com/jathurchan/raftlock/raft/file_storage.go:666.2,666.12 1 4
github.com/jathurchan/raftlock/raft/file_storage.go:672.38,674.2 1 1
github.com/jathurchan/raftlock/raft/role.go:32.36,33.12 1 4
github.com/jathurchan/raftlock/raft/role.go:34.16,35.20 1 1
github.com/jathurchan/raftlock/raft/role.go:36.17,37.21 1 1
github.com/jathurchan/raftlock/raft/role.go:38.14,39.18 1 1
github.com/jathurchan/raftlock/raft/role.go:40.10,41.19 1 1
github.com/jathurchan/raftlock/raft/role.go:46.35,48.2 1 4
github.com/jathurchan/raftlock/raft/role.go:58.58,60.13 2 10
github.com/jathurchan/raftlock/raft/role.go:60.13,62.3 1 1
github.com/jathurchan/raftlock/raft/role.go:64.2,64.46 1 9
github.com/jathurchan/raftlock/raft/storage.go:118.44,123.2 1 2
github.com/jathurchan/raftlock/raft/storage.go:126.57,127.19 1 3
github.com/jathurchan/raftlock/raft/storage.go:127.19,129.3 1 1
github.com/jathurchan/raftlock/raft/storage.go:130.2,130.21 1 3
github.com/jathurchan/raftlock/raft/storage.go:131.23,132.32 1 2
github.com/jathurchan/raftlock/raft/storage.go:133.10,134.70 1 1
